[25.07.23|23:21:45] Folder: "/db" FOUND
[25.07.23|23:21:45] DATABASE: "users.db" FOUND
[25.07.23|23:21:45] TABLE: "Users" FOUND
[25.07.23|23:21:45] DATABASE: "posts.db" FOUND
[25.07.23|23:21:45] TABLE: "Posts" FOUND
[25.07.23|23:21:45] DATABASE: "comments.db" FOUND
[25.07.23|23:21:45] TABLE: "Comments" FOUND
[25.07.23|23:22:00] 404
[25.07.23|23:23:25] Folder: "/db" FOUND
[25.07.23|23:23:25] DATABASE: "users.db" FOUND
[25.07.23|23:23:25] TABLE: "Users" FOUND
[25.07.23|23:23:25] DATABASE: "posts.db" FOUND
[25.07.23|23:23:25] TABLE: "Posts" FOUND
[25.07.23|23:23:25] DATABASE: "comments.db" FOUND
[25.07.23|23:23:25] TABLE: "Comments" FOUND
[25.07.23|23:23:53] 1 POINTS ADDED TO "anakin_skywalker"
[25.07.23|23:23:53] USER: "anakin_skywalker" LOGGED IN
[25.07.23|23:24:10] POST: "test" POSTED
[25.07.23|23:24:10] 20 POINTS ADDED TO "anakin_skywalker"
[25.07.23|23:24:17] POST: "1" FOUND
[25.07.23|23:31:52] Folder: "/db" FOUND
[25.07.23|23:31:52] DATABASE: "users.db" FOUND
[25.07.23|23:31:52] TABLE: "Users" FOUND
[25.07.23|23:31:52] DATABASE: "posts.db" FOUND
[25.07.23|23:31:52] TABLE: "Posts" FOUND
[25.07.23|23:31:52] DATABASE: "comments.db" FOUND
[25.07.23|23:31:52] TABLE: "Comments" FOUND
[25.07.23|23:32:37] Folder: "/db" FOUND
[25.07.23|23:32:37] DATABASE: "users.db" FOUND
[25.07.23|23:32:37] TABLE: "Users" FOUND
[25.07.23|23:32:37] DATABASE: "posts.db" FOUND
[25.07.23|23:32:37] TABLE: "Posts" FOUND
[25.07.23|23:32:37] DATABASE: "comments.db" FOUND
[25.07.23|23:32:37] TABLE: "Comments" FOUND
[26.07.23|00:19:35] Folder: "/db" FOUND
[26.07.23|00:19:35] DATABASE: "users.db" FOUND
[26.07.23|00:19:35] TABLE: "Users" FOUND
[26.07.23|00:19:35] DATABASE: "posts.db" FOUND
[26.07.23|00:19:35] TABLE: "Posts" FOUND
[26.07.23|00:19:35] DATABASE: "comments.db" FOUND
[26.07.23|00:19:35] TABLE: "Comments" FOUND
[26.07.23|00:22:29] Folder: "/db" FOUND
[26.07.23|00:22:29] DATABASE: "users.db" FOUND
[26.07.23|00:22:30] TABLE: "Users" FOUND
[26.07.23|00:22:30] DATABASE: "posts.db" FOUND
[26.07.23|00:22:30] TABLE: "Posts" FOUND
[26.07.23|00:22:30] DATABASE: "comments.db" FOUND
[26.07.23|00:22:30] TABLE: "Comments" FOUND
[26.07.23|00:22:36] 404
[26.07.23|00:22:41] 404
[26.07.23|00:22:59] 404
[26.07.23|00:23:01] 404
[26.07.23|00:23:18] Folder: "/db" FOUND
[26.07.23|00:23:18] DATABASE: "users.db" FOUND
[26.07.23|00:23:18] TABLE: "Users" FOUND
[26.07.23|00:23:18] DATABASE: "posts.db" FOUND
[26.07.23|00:23:18] TABLE: "Posts" FOUND
[26.07.23|00:23:18] DATABASE: "comments.db" FOUND
[26.07.23|00:23:18] TABLE: "Comments" FOUND
[26.07.23|00:23:27] 404
[26.07.23|00:23:54] Folder: "/db" FOUND
[26.07.23|00:23:54] DATABASE: "users.db" FOUND
[26.07.23|00:23:54] TABLE: "Users" FOUND
[26.07.23|00:23:54] DATABASE: "posts.db" FOUND
[26.07.23|00:23:54] TABLE: "Posts" FOUND
[26.07.23|00:23:54] DATABASE: "comments.db" FOUND
[26.07.23|00:23:54] TABLE: "Comments" FOUND
[26.07.23|00:24:00] 404
[26.07.23|00:24:45] Folder: "/db" FOUND
[26.07.23|00:24:45] DATABASE: "users.db" FOUND
[26.07.23|00:24:45] TABLE: "Users" FOUND
[26.07.23|00:24:45] DATABASE: "posts.db" FOUND
[26.07.23|00:24:45] TABLE: "Posts" FOUND
[26.07.23|00:24:45] DATABASE: "comments.db" FOUND
[26.07.23|00:24:45] TABLE: "Comments" FOUND
[26.07.23|00:24:46] 404
[26.07.23|00:24:51] 404
[26.07.23|00:24:53] 404
[26.07.23|00:25:30] 404
[26.07.23|00:25:55] Folder: "/db" FOUND
[26.07.23|00:25:55] DATABASE: "users.db" FOUND
[26.07.23|00:25:55] TABLE: "Users" FOUND
[26.07.23|00:25:55] DATABASE: "posts.db" FOUND
[26.07.23|00:25:55] TABLE: "Posts" FOUND
[26.07.23|00:25:55] DATABASE: "comments.db" FOUND
[26.07.23|00:25:55] TABLE: "Comments" FOUND
[26.07.23|00:25:57] 404
[26.07.23|00:26:29] POST: "3" FOUND
[26.07.23|00:27:21] Folder: "/db" FOUND
[26.07.23|00:27:21] DATABASE: "users.db" FOUND
[26.07.23|00:27:21] TABLE: "Users" FOUND
[26.07.23|00:27:21] DATABASE: "posts.db" FOUND
[26.07.23|00:27:21] TABLE: "Posts" FOUND
[26.07.23|00:27:21] DATABASE: "comments.db" FOUND
[26.07.23|00:27:21] TABLE: "Comments" FOUND
[26.07.23|00:27:40] 404
[26.07.23|00:28:09] Folder: "/db" FOUND
[26.07.23|00:28:09] DATABASE: "users.db" FOUND
[26.07.23|00:28:09] TABLE: "Users" FOUND
[26.07.23|00:28:09] DATABASE: "posts.db" FOUND
[26.07.23|00:28:09] TABLE: "Posts" FOUND
[26.07.23|00:28:09] DATABASE: "comments.db" FOUND
[26.07.23|00:28:09] TABLE: "Comments" FOUND
[26.07.23|00:28:12] POST: "3" FOUND
[26.07.23|00:41:55] Folder: "/db" FOUND
[26.07.23|00:41:55] DATABASE: "users.db" FOUND
[26.07.23|00:41:55] TABLE: "Users" FOUND
[26.07.23|00:41:55] DATABASE: "posts.db" FOUND
[26.07.23|00:41:55] TABLE: "Posts" FOUND
[26.07.23|00:41:55] DATABASE: "comments.db" FOUND
[26.07.23|00:41:55] TABLE: "Comments" FOUND
[26.07.23|00:41:55] Folder: "/db" FOUND
[26.07.23|00:41:55] DATABASE: "users.db" FOUND
[26.07.23|00:41:55] TABLE: "Users" FOUND
[26.07.23|00:41:55] DATABASE: "posts.db" FOUND
[26.07.23|00:41:55] TABLE: "Posts" FOUND
[26.07.23|00:41:55] DATABASE: "comments.db" FOUND
[26.07.23|00:41:55] TABLE: "Comments" FOUND
[26.07.23|00:42:11] Folder: "/db" FOUND
[26.07.23|00:42:11] DATABASE: "users.db" FOUND
[26.07.23|00:42:11] TABLE: "Users" FOUND
[26.07.23|00:42:11] DATABASE: "posts.db" FOUND
[26.07.23|00:42:11] TABLE: "Posts" FOUND
[26.07.23|00:42:11] DATABASE: "comments.db" FOUND
[26.07.23|00:42:11] TABLE: "Comments" FOUND
[26.07.23|00:42:12] Folder: "/db" FOUND
[26.07.23|00:42:12] DATABASE: "users.db" FOUND
[26.07.23|00:42:12] TABLE: "Users" FOUND
[26.07.23|00:42:12] DATABASE: "posts.db" FOUND
[26.07.23|00:42:12] TABLE: "Posts" FOUND
[26.07.23|00:42:12] DATABASE: "comments.db" FOUND
[26.07.23|00:42:12] TABLE: "Comments" FOUND
[26.07.23|00:42:17] POST: "1" FOUND
[26.07.23|03:46:10] Folder: "/db" FOUND
[26.07.23|03:46:10] DATABASE: "users.db" FOUND
[26.07.23|03:46:10] TABLE: "Users" FOUND
[26.07.23|03:46:10] DATABASE: "posts.db" FOUND
[26.07.23|03:46:10] TABLE: "Posts" FOUND
[26.07.23|03:46:10] DATABASE: "comments.db" FOUND
[26.07.23|03:46:10] TABLE: "Comments" FOUND
[26.07.23|03:46:28] Folder: "/db" FOUND
[26.07.23|03:46:28] DATABASE: "users.db" FOUND
[26.07.23|03:46:28] TABLE: "Users" FOUND
[26.07.23|03:46:28] DATABASE: "posts.db" FOUND
[26.07.23|03:46:28] TABLE: "Posts" FOUND
[26.07.23|03:46:28] DATABASE: "comments.db" FOUND
[26.07.23|03:46:28] TABLE: "Comments" FOUND
[26.07.23|03:46:28] Folder: "/db" FOUND
[26.07.23|03:46:28] DATABASE: "users.db" FOUND
[26.07.23|03:46:28] TABLE: "Users" FOUND
[26.07.23|03:46:28] DATABASE: "posts.db" FOUND
[26.07.23|03:46:28] TABLE: "Posts" FOUND
[26.07.23|03:46:28] DATABASE: "comments.db" FOUND
[26.07.23|03:46:28] TABLE: "Comments" FOUND
[26.07.23|03:46:42] POST: "1" FOUND
[26.07.23|03:46:46] 404
[26.07.23|03:46:54] POST: "1" FOUND
[26.07.23|03:46:57] POST: "3" FOUND
[26.07.23|03:47:03] POST: "2" FOUND
[26.07.23|03:47:09] POST: "5" FOUND
[26.07.23|04:15:54] Folder: "/db" FOUND
[26.07.23|04:15:54] DATABASE: "users.db" FOUND
[26.07.23|04:15:54] TABLE: "Users" FOUND
[26.07.23|04:15:54] DATABASE: "posts.db" FOUND
[26.07.23|04:15:54] TABLE: "Posts" FOUND
[26.07.23|04:15:54] DATABASE: "comments.db" FOUND
[26.07.23|04:15:54] TABLE: "Comments" FOUND
[26.07.23|04:15:54] Folder: "/db" FOUND
[26.07.23|04:15:54] DATABASE: "users.db" FOUND
[26.07.23|04:15:54] TABLE: "Users" FOUND
[26.07.23|04:15:54] DATABASE: "posts.db" FOUND
[26.07.23|04:15:54] TABLE: "Posts" FOUND
[26.07.23|04:15:54] DATABASE: "comments.db" FOUND
[26.07.23|04:15:54] TABLE: "Comments" FOUND
[26.07.23|04:16:30] 404
[26.07.23|04:17:51] WRONG PASSWORD
[26.07.23|04:19:52] Folder: "/db" FOUND
[26.07.23|04:19:52] DATABASE: "users.db" FOUND
[26.07.23|04:19:52] TABLE: "Users" FOUND
[26.07.23|04:19:52] DATABASE: "posts.db" FOUND
[26.07.23|04:19:52] TABLE: "Posts" FOUND
[26.07.23|04:19:52] DATABASE: "comments.db" FOUND
[26.07.23|04:19:52] TABLE: "Comments" FOUND
[26.07.23|04:19:53] Folder: "/db" FOUND
[26.07.23|04:19:53] DATABASE: "users.db" FOUND
[26.07.23|04:19:53] TABLE: "Users" FOUND
[26.07.23|04:19:53] DATABASE: "posts.db" FOUND
[26.07.23|04:19:53] TABLE: "Posts" FOUND
[26.07.23|04:19:53] DATABASE: "comments.db" FOUND
[26.07.23|04:19:53] TABLE: "Comments" FOUND
[26.07.23|04:20:44] Folder: "/db" FOUND
[26.07.23|04:20:44] DATABASE: "users.db" FOUND
[26.07.23|04:20:44] TABLE: "Users" FOUND
[26.07.23|04:20:44] DATABASE: "posts.db" FOUND
[26.07.23|04:20:44] TABLE: "Posts" FOUND
[26.07.23|04:20:44] DATABASE: "comments.db" FOUND
[26.07.23|04:20:44] TABLE: "Comments" FOUND
[26.07.23|04:20:44] Folder: "/db" FOUND
[26.07.23|04:20:44] DATABASE: "users.db" FOUND
[26.07.23|04:20:44] TABLE: "Users" FOUND
[26.07.23|04:20:44] DATABASE: "posts.db" FOUND
[26.07.23|04:20:44] TABLE: "Posts" FOUND
[26.07.23|04:20:44] DATABASE: "comments.db" FOUND
[26.07.23|04:20:44] TABLE: "Comments" FOUND
[26.07.23|04:21:19] Folder: "/db" FOUND
[26.07.23|04:21:19] DATABASE: "users.db" FOUND
[26.07.23|04:21:19] TABLE: "Users" FOUND
[26.07.23|04:21:19] DATABASE: "posts.db" FOUND
[26.07.23|04:21:19] TABLE: "Posts" FOUND
[26.07.23|04:21:19] DATABASE: "comments.db" FOUND
[26.07.23|04:21:19] TABLE: "Comments" FOUND
[26.07.23|04:21:20] Folder: "/db" FOUND
[26.07.23|04:21:20] DATABASE: "users.db" FOUND
[26.07.23|04:21:20] TABLE: "Users" FOUND
[26.07.23|04:21:20] DATABASE: "posts.db" FOUND
[26.07.23|04:21:20] TABLE: "Posts" FOUND
[26.07.23|04:21:20] DATABASE: "comments.db" FOUND
[26.07.23|04:21:20] TABLE: "Comments" FOUND
[26.07.23|04:21:50] Folder: "/db" FOUND
[26.07.23|04:21:50] DATABASE: "users.db" FOUND
[26.07.23|04:21:50] TABLE: "Users" FOUND
[26.07.23|04:21:50] DATABASE: "posts.db" FOUND
[26.07.23|04:21:50] TABLE: "Posts" FOUND
[26.07.23|04:21:50] DATABASE: "comments.db" FOUND
[26.07.23|04:21:50] TABLE: "Comments" FOUND
[26.07.23|04:21:51] Folder: "/db" FOUND
[26.07.23|04:21:51] DATABASE: "users.db" FOUND
[26.07.23|04:21:51] TABLE: "Users" FOUND
[26.07.23|04:21:51] DATABASE: "posts.db" FOUND
[26.07.23|04:21:51] TABLE: "Posts" FOUND
[26.07.23|04:21:51] DATABASE: "comments.db" FOUND
[26.07.23|04:21:51] TABLE: "Comments" FOUND
[26.07.23|04:23:12] Folder: "/db" FOUND
[26.07.23|04:23:12] DATABASE: "users.db" FOUND
[26.07.23|04:23:12] TABLE: "Users" FOUND
[26.07.23|04:23:12] DATABASE: "posts.db" FOUND
[26.07.23|04:23:12] TABLE: "Posts" FOUND
[26.07.23|04:23:12] DATABASE: "comments.db" FOUND
[26.07.23|04:23:12] TABLE: "Comments" FOUND
[26.07.23|04:23:13] Folder: "/db" FOUND
[26.07.23|04:23:13] DATABASE: "users.db" FOUND
[26.07.23|04:23:13] TABLE: "Users" FOUND
[26.07.23|04:23:13] DATABASE: "posts.db" FOUND
[26.07.23|04:23:13] TABLE: "Posts" FOUND
[26.07.23|04:23:13] DATABASE: "comments.db" FOUND
[26.07.23|04:23:13] TABLE: "Comments" FOUND
[26.07.23|04:23:24] 1 POINTS ADDED TO "admin"
[26.07.23|04:23:24] USER: "admin" LOGGED IN
[26.07.23|04:23:29] USER: "admin" FOUND
[26.07.23|04:23:29] USER: "admin"s PAGE LOADED
[26.07.23|04:24:30] 404
[26.07.23|04:24:45] 404
[26.07.23|04:24:58] 404
[26.07.23|04:25:03] 404
[26.07.23|04:26:03] ADMIN: "admin" CHANGED USER: "testuser"s ROLE TO admin
[26.07.23|04:26:14] ADMIN: "admin" CHANGED USER: "testuser"s ROLE TO user
[26.07.23|04:26:23] 404
[26.07.23|04:27:58] Folder: "/db" FOUND
[26.07.23|04:27:58] DATABASE: "users.db" FOUND
[26.07.23|04:27:58] TABLE: "Users" FOUND
[26.07.23|04:27:58] DATABASE: "posts.db" FOUND
[26.07.23|04:27:58] TABLE: "Posts" FOUND
[26.07.23|04:27:58] DATABASE: "comments.db" FOUND
[26.07.23|04:27:58] TABLE: "Comments" FOUND
[26.07.23|04:28:14] 404
[26.07.23|04:28:24] 1 POINTS ADDED TO "admin"
[26.07.23|04:28:24] USER: "admin" LOGGED IN
[26.07.23|04:28:28] USER: "admin" FOUND
[26.07.23|04:28:28] USER: "admin"s PAGE LOADED
[26.07.23|04:28:35] 404
[26.07.23|04:28:54] 404
[26.07.23|04:29:01] 404
[26.07.23|04:29:13] 404
[26.07.23|04:30:25] POST: "5" NOT DELETED "5" DOES NOT BELONG TO USER: admin
[26.07.23|04:30:39] 404
[26.07.23|04:31:07] 404
[26.07.23|04:31:45] 404
[26.07.23|04:33:50] Folder: "/db" FOUND
[26.07.23|04:33:50] DATABASE: "users.db" FOUND
[26.07.23|04:33:50] TABLE: "Users" FOUND
[26.07.23|04:33:50] DATABASE: "posts.db" FOUND
[26.07.23|04:33:50] TABLE: "Posts" FOUND
[26.07.23|04:33:50] DATABASE: "comments.db" FOUND
[26.07.23|04:33:50] TABLE: "Comments" FOUND
[26.07.23|04:34:50] Folder: "/db" FOUND
[26.07.23|04:34:50] DATABASE: "users.db" FOUND
[26.07.23|04:34:50] TABLE: "Users" FOUND
[26.07.23|04:34:50] DATABASE: "posts.db" FOUND
[26.07.23|04:34:50] TABLE: "Posts" FOUND
[26.07.23|04:34:50] DATABASE: "comments.db" FOUND
[26.07.23|04:34:50] TABLE: "Comments" FOUND
[26.07.23|04:34:51] Folder: "/db" FOUND
[26.07.23|04:34:51] DATABASE: "users.db" FOUND
[26.07.23|04:34:51] TABLE: "Users" FOUND
[26.07.23|04:34:51] DATABASE: "posts.db" FOUND
[26.07.23|04:34:51] TABLE: "Posts" FOUND
[26.07.23|04:34:51] DATABASE: "comments.db" FOUND
[26.07.23|04:34:51] TABLE: "Comments" FOUND
[26.07.23|04:41:47] 1 POINTS ADDED TO "admin"
[26.07.23|04:41:47] USER: "admin" LOGGED IN
[26.07.23|04:41:55] USER: "admin" LOGGED OUT
[26.07.23|04:44:15] Folder: "/db" FOUND
[26.07.23|04:44:15] DATABASE: "users.db" FOUND
[26.07.23|04:44:15] TABLE: "Users" FOUND
[26.07.23|04:44:15] DATABASE: "posts.db" FOUND
[26.07.23|04:44:15] TABLE: "Posts" FOUND
[26.07.23|04:44:15] DATABASE: "comments.db" FOUND
[26.07.23|04:44:15] TABLE: "Comments" FOUND
[26.07.23|04:46:17] Folder: "/db" FOUND
[26.07.23|04:46:17] DATABASE: "users.db" FOUND
[26.07.23|04:46:17] TABLE: "Users" FOUND
[26.07.23|04:46:17] DATABASE: "posts.db" FOUND
[26.07.23|04:46:17] TABLE: "Posts" FOUND
[26.07.23|04:46:17] DATABASE: "comments.db" FOUND
[26.07.23|04:46:17] TABLE: "Comments" FOUND
[26.07.23|04:46:17] Folder: "/db" FOUND
[26.07.23|04:46:17] DATABASE: "users.db" FOUND
[26.07.23|04:46:17] TABLE: "Users" FOUND
[26.07.23|04:46:17] DATABASE: "posts.db" FOUND
[26.07.23|04:46:17] TABLE: "Posts" FOUND
[26.07.23|04:46:17] DATABASE: "comments.db" FOUND
[26.07.23|04:46:17] TABLE: "Comments" FOUND
[26.07.23|04:46:59] Folder: "/db" FOUND
[26.07.23|04:46:59] DATABASE: "users.db" FOUND
[26.07.23|04:46:59] TABLE: "Users" FOUND
[26.07.23|04:46:59] DATABASE: "posts.db" FOUND
[26.07.23|04:46:59] TABLE: "Posts" FOUND
[26.07.23|04:46:59] DATABASE: "comments.db" FOUND
[26.07.23|04:46:59] TABLE: "Comments" FOUND
[26.07.23|04:47:13] 1 POINTS ADDED TO "admin"
[26.07.23|04:47:13] USER: "admin" LOGGED IN
[26.07.23|04:47:22] 404
[26.07.23|04:47:36] 404
[26.07.23|04:49:26] USER: "admin" LOGGED OUT
[26.07.23|04:49:36] 1 POINTS ADDED TO "admin"
[26.07.23|04:49:36] USER: "admin" LOGGED IN
[26.07.23|04:49:38] 404
[26.07.23|04:49:40] 404
[26.07.23|04:52:03] Folder: "/db" FOUND
[26.07.23|04:52:03] DATABASE: "users.db" FOUND
[26.07.23|04:52:03] TABLE: "Users" FOUND
[26.07.23|04:52:03] DATABASE: "posts.db" FOUND
[26.07.23|04:52:03] TABLE: "Posts" FOUND
[26.07.23|04:52:03] DATABASE: "comments.db" FOUND
[26.07.23|04:52:03] TABLE: "Comments" FOUND
[26.07.23|04:52:05] USER NOT LOGGED IN
[26.07.23|04:52:15] 1 POINTS ADDED TO "admin"
[26.07.23|04:52:15] USER: "admin" LOGGED IN
[26.07.23|04:52:23] 404
[26.07.23|04:52:24] 404
[26.07.23|10:15:56] Folder: "/db" FOUND
[26.07.23|10:15:56] DATABASE: "users.db" FOUND
[26.07.23|10:15:56] TABLE: "Users" FOUND
[26.07.23|10:15:56] DATABASE: "posts.db" FOUND
[26.07.23|10:15:56] TABLE: "Posts" FOUND
[26.07.23|10:15:56] DATABASE: "comments.db" FOUND
[26.07.23|10:15:56] TABLE: "Comments" FOUND
[26.07.23|10:16:13] 1 POINTS ADDED TO "admin"
[26.07.23|10:16:13] USER: "admin" LOGGED IN
[26.07.23|10:16:17] 404
[26.07.23|10:16:20] USER: "admin" ALREADY LOGGED IN
[26.07.23|10:16:25] USER: "admin" ALREADY LOGGED IN
[26.07.23|10:16:28] USER: "admin" LOGGED OUT
[26.07.23|10:16:49] 1 POINTS ADDED TO "admin"
[26.07.23|10:16:49] USER: "admin" LOGGED IN
[26.07.23|10:17:01] USER: "admin" LOGGED OUT
[26.07.23|10:17:15] 1 POINTS ADDED TO "admin"
[26.07.23|10:17:15] USER: "admin" LOGGED IN
[26.07.23|11:06:32] Folder: "/db" FOUND
[26.07.23|11:06:32] DATABASE: "users.db" FOUND
[26.07.23|11:06:32] TABLE: "Users" FOUND
[26.07.23|11:06:32] DATABASE: "posts.db" FOUND
[26.07.23|11:06:32] TABLE: "Posts" FOUND
[26.07.23|11:06:32] DATABASE: "comments.db" FOUND
[26.07.23|11:06:32] TABLE: "Comments" FOUND
[26.07.23|11:06:41] POST: "1" FOUND
[26.07.23|11:06:43] POST: "2" FOUND
